2024/11/22 23:34:51 [error] printf.js:11 API Error
2024/11/22 23:36:38 [error]  API Error
2024/11/22 23:36:59 [error]  API Error
2024/11/22 23:38:21 [error] API Error
2024/11/23 13:49:52 [error] UNKNOWN
2024/11/23 13:49:55 [error] UNKNOWN
2024/11/23 13:49:57 [error] UNKNOWN
2024/11/23 13:50:00 [error] UNKNOWN
2024/11/23 13:50:04 [error] UNKNOWN
2024/11/23 13:50:36 [error] UNKNOWN
2024/11/23 13:51:24 [error] UNKNOWN
2024/11/23 13:51:46 [error] UNKNOWN
2024/11/23 13:52:03 [error] UNKNOWN
2024/11/23 13:53:03 [error] You have an error in your SQL syntax; check the manual that corresponds to your MySQL server version for the right syntax to use near '=? AND ucode=? AND status!=?' at line 1
2024/11/23 13:53:23 [error] You have an error in your SQL syntax; check the manual that corresponds to your MySQL server version for the right syntax to use near '=? AND ucode=? AND status!=?' at line 1
2024/11/23 15:22:13 [error] [verifyTokenError]
2024/11/23 15:22:21 [error] [verifyTokenError]
2024/11/23 15:22:34 [error] [verifyTokenError]
2024/11/23 15:23:16 [error] [verifyTokenError]
2024/11/23 15:24:51 [error] [verifyTokenError]
2024/11/23 15:29:01 [error] [verifyError]
2024/11/23 15:38:52 [error] You have an error in your SQL syntax; check the manual that corresponds to your MySQL server version for the right syntax to use near ', ucode=?, status=? WHERE ID=? AND ucode=?' at line 1
2024/11/23 15:38:54 [error] You have an error in your SQL syntax; check the manual that corresponds to your MySQL server version for the right syntax to use near ', ucode=?, status=? WHERE ID=? AND ucode=?' at line 1
2024/11/23 15:39:44 [error] [verifyError]
2024/11/23 15:40:19 [error] [verifyError]
2024/11/23 15:42:08 [error] Malformed communication packet.
2024/11/23 15:42:36 [error] [verifyTokenError]
2024/11/23 15:43:16 [error] [verifyTokenError]
2024/11/23 17:32:08 [error] [SigninFailed]
2024/11/23 17:33:28 [error] [SigninFailed]
2024/11/23 17:34:10 [error] [SigninFailed]
2024/11/23 17:34:45 [error] [SigninFailed]
2024/11/23 17:34:51 [error] [SigninFailed]
2024/11/23 17:35:53 [error] [SigninFailed]
2024/11/23 17:36:02 [error] [SigninFailed]
2024/11/23 17:36:39 [error] [SigninFailed]
2024/11/23 18:43:06 [error] [SigninFailed]
2024/11/23 19:10:05 [error] [SigninFailed]
2024/11/23 19:10:17 [error] [SigninFailed] Invalid initialization vector
2024/11/23 19:10:55 [error] [SigninFailed] Invalid initialization vector
2024/11/23 19:11:13 [error] [SigninFailed] Invalid initialization vector
2024/11/23 19:11:49 [error] [SigninFailed] Invalid initialization vector
2024/11/23 22:04:53 [error] [SigninFailed] Invalid key length
2024/11/23 22:40:45 [error] [RecoveryFailed]
2024/11/23 22:42:16 [error] [RecoveryFailed]
2024/11/23 23:49:56 [error] [DecodeFailed]
2024/11/23 23:52:19 [error] [DecodeFailed]
2024/11/23 23:53:26 [error] [DecodeFailed]
2024/11/23 23:53:52 [error] [DecodeFailed]
2024/11/23 23:53:52 [error] [DecodeFailed]
2024/11/23 23:54:43 [error] [DecodeFailed]
2024/11/23 23:54:43 [error] [DecodeFailed]
2024/11/23 23:56:02 [error] [DecodeFailed]
2024/11/23 23:56:02 [error] [DecodeFailed]
2024/11/23 23:56:45 [error] [DecodeFailed]
2024/11/23 23:56:45 [error] [DecodeFailed]
2024/11/23 23:58:38 [error] [DecodeFailed]
2024/11/23 23:58:38 [error] [DecodeFailed]
2024/11/24 00:01:45 [error] [DecodeFailed]
2024/11/24 00:02:53 [error] [DecodeFailed]
2024/11/24 00:09:46 [error] [DecodeFailed]
2024/11/24 00:10:05 [error] [DecodeFailed]
2024/11/24 00:16:14 [error] [DecodeFailed]
2024/11/24 00:16:35 [error] [DecodeFailed]
2024/11/24 00:17:25 [error] [DecodeFailed]
2024/11/24 00:17:43 [error] [DecodeFailed]
2024/11/24 00:26:21 [error] [DecodeFailed]
2024/11/24 00:37:57 [error] [DecodeFailed]
2024/11/24 00:37:57 [error] [DecodeFailed]
2024/11/24 00:38:47 [error] [verifyError] Cannot read properties of undefined (reading 'fullname')
2024/11/24 00:39:43 [error] [verifyTokenError]
2024/11/24 14:58:48 [error] [recoveryFailed:A]
2024/11/24 15:08:46 [error] [recoveryFailed:A]
2024/11/24 15:09:29 [error] [recoveryFailed:A]
2024/11/24 15:13:28 [error] [recoveryFailed:A]
